# JRE version: Java(TM) SE Runtime Environment (7.0_79-b15) (build 1.7.0_79-b15)
# Java VM: Java HotSpot(TM) 64-Bit Server VM (24.79-b02 mixed mode windows-amd64 compressed oops)
Heap
 PSYoungGen      total 518656K, used 1498K [0x00000007d5d00000, 0x00000007fe700000, 0x0000000800000000)
  eden space 518144K, 0% used [0x00000007d5d00000,0x00000007d5e76b90,0x00000007f5700000)
  from space 512K, 0% used [0x00000007f5700000,0x00000007f5700000,0x00000007f5780000)
  to   space 72192K, 0% used [0x00000007fa080000,0x00000007fa080000,0x00000007fe700000)
 ParOldGen       total 819200K, used 42072K [0x0000000781800000, 0x00000007b3800000, 0x00000007d5d00000)
  object space 819200K, 5% used [0x0000000781800000,0x0000000784116328,0x00000007b3800000)
 PSPermGen       total 83968K, used 83965K [0x000000077c600000, 0x0000000781800000, 0x0000000781800000)
  object space 83968K, 99% used [0x000000077c600000,0x00000007817ff758,0x0000000781800000)
GC Heap History (10 events):
Event: 2099.351 GC heap before
{Heap before GC invocations=33 (full 10):
 PSYoungGen      total 596480K, used 0K [0x00000007d5d00000, 0x00000007ff280000, 0x0000000800000000)
  eden space 514048K, 0% used [0x00000007d5d00000,0x00000007d5d00000,0x00000007f5300000)
  from space 82432K, 0% used [0x00000007f5300000,0x00000007f5300000,0x00000007fa380000)
  to   space 79360K, 0% used [0x00000007fa500000,0x00000007fa500000,0x00000007ff280000)
 ParOldGen       total 473600K, used 42255K [0x0000000781800000, 0x000000079e680000, 0x00000007d5d00000)
  object space 473600K, 8% used [0x0000000781800000,0x0000000784143dc0,0x000000079e680000)
 PSPermGen       total 83968K, used 83967K [0x000000077c600000, 0x0000000781800000, 0x0000000781800000)
  object space 83968K, 99% used [0x000000077c600000,0x00000007817fffe8,0x0000000781800000)
Event: 2099.525 GC heap after
Heap after GC invocations=33 (full 10):
 PSYoungGen      total 596480K, used 0K [0x00000007d5d00000, 0x00000007ff280000, 0x0000000800000000)
  eden space 514048K, 0% used [0x00000007d5d00000,0x00000007d5d00000,0x00000007f5300000)
  from space 82432K, 0% used [0x00000007f5300000,0x00000007f5300000,0x00000007fa380000)
  to   space 79360K, 0% used [0x00000007fa500000,0x00000007fa500000,0x00000007ff280000)
 ParOldGen       total 573952K, used 42201K [0x0000000781800000, 0x00000007a4880000, 0x00000007d5d00000)
  object space 573952K, 7% used [0x0000000781800000,0x00000007841367c0,0x00000007a4880000)
 PSPermGen       total 83968K, used 83962K [0x000000077c600000, 0x0000000781800000, 0x0000000781800000)
  object space 83968K, 99% used [0x000000077c600000,0x00000007817fe840,0x0000000781800000)
}
Event: 2099.526 GC heap before
{Heap before GC invocations=34 (full 10):
 PSYoungGen      total 596480K, used 2263K [0x00000007d5d00000, 0x00000007ff280000, 0x0000000800000000)
  eden space 514048K, 0% used [0x00000007d5d00000,0x00000007d5f35d48,0x00000007f5300000)
  from space 82432K, 0% used [0x00000007f5300000,0x00000007f5300000,0x00000007fa380000)
  to   space 79360K, 0% used [0x00000007fa500000,0x00000007fa500000,0x00000007ff280000)
 ParOldGen       total 573952K, used 42201K [0x0000000781800000, 0x00000007a4880000, 0x00000007d5d00000)
  object space 573952K, 7% used [0x0000000781800000,0x00000007841367c0,0x00000007a4880000)
 PSPermGen       total 83968K, used 83965K [0x000000077c600000, 0x0000000781800000, 0x0000000781800000)
  object space 83968K, 99% used [0x000000077c600000,0x00000007817ff758,0x0000000781800000)
Event: 2099.529 GC heap after
Heap after GC invocations=34 (full 10):
 PSYoungGen      total 589824K, used 0K [0x00000007d5d00000, 0x00000007feb00000, 0x0000000800000000)
  eden space 518144K, 0% used [0x00000007d5d00000,0x00000007d5d00000,0x00000007f5700000)
  from space 71680K, 0% used [0x00000007fa500000,0x00000007fa500000,0x00000007feb00000)
  to   space 75776K, 0% used [0x00000007f5700000,0x00000007f5700000,0x00000007fa100000)
 ParOldGen       total 573952K, used 42201K [0x0000000781800000, 0x00000007a4880000, 0x00000007d5d00000)
  object space 573952K, 7% used [0x0000000781800000,0x00000007841367c0,0x00000007a4880000)
 PSPermGen       total 83968K, used 83965K [0x000000077c600000, 0x0000000781800000, 0x0000000781800000)
  object space 83968K, 99% used [0x000000077c600000,0x00000007817ff758,0x0000000781800000)
}
Event: 2099.529 GC heap before
{Heap before GC invocations=35 (full 11):
 PSYoungGen      total 589824K, used 0K [0x00000007d5d00000, 0x00000007feb00000, 0x0000000800000000)
  eden space 518144K, 0% used [0x00000007d5d00000,0x00000007d5d00000,0x00000007f5700000)
  from space 71680K, 0% used [0x00000007fa500000,0x00000007fa500000,0x00000007feb00000)
  to   space 75776K, 0% used [0x00000007f5700000,0x00000007f5700000,0x00000007fa100000)
 ParOldGen       total 573952K, used 42201K [0x0000000781800000, 0x00000007a4880000, 0x00000007d5d00000)
  object space 573952K, 7% used [0x0000000781800000,0x00000007841367c0,0x00000007a4880000)
 PSPermGen       total 83968K, used 83965K [0x000000077c600000, 0x0000000781800000, 0x0000000781800000)
  object space 83968K, 99% used [0x000000077c600000,0x00000007817ff758,0x0000000781800000)
Event: 2099.672 GC heap after
Heap after GC invocations=35 (full 11):
 PSYoungGen      total 589824K, used 0K [0x00000007d5d00000, 0x00000007feb00000, 0x0000000800000000)
  eden space 518144K, 0% used [0x00000007d5d00000,0x00000007d5d00000,0x00000007f5700000)
  from space 71680K, 0% used [0x00000007fa500000,0x00000007fa500000,0x00000007feb00000)
  to   space 75776K, 0% used [0x00000007f5700000,0x00000007f5700000,0x00000007fa100000)
 ParOldGen       total 684544K, used 42072K [0x0000000781800000, 0x00000007ab480000, 0x00000007d5d00000)
  object space 684544K, 6% used [0x0000000781800000,0x0000000784116328,0x00000007ab480000)
 PSPermGen       total 83968K, used 83965K [0x000000077c600000, 0x0000000781800000, 0x0000000781800000)
  object space 83968K, 99% used [0x000000077c600000,0x00000007817ff758,0x0000000781800000)
}
Event: 2099.672 GC heap before
{Heap before GC invocations=36 (full 11):
 PSYoungGen      total 589824K, used 0K [0x00000007d5d00000, 0x00000007feb00000, 0x0000000800000000)
  eden space 518144K, 0% used [0x00000007d5d00000,0x00000007d5d00000,0x00000007f5700000)
  from space 71680K, 0% used [0x00000007fa500000,0x00000007fa500000,0x00000007feb00000)
  to   space 75776K, 0% used [0x00000007f5700000,0x00000007f5700000,0x00000007fa100000)
 ParOldGen       total 684544K, used 42072K [0x0000000781800000, 0x00000007ab480000, 0x00000007d5d00000)
  object space 684544K, 6% used [0x0000000781800000,0x0000000784116328,0x00000007ab480000)
 PSPermGen       total 83968K, used 83965K [0x000000077c600000, 0x0000000781800000, 0x0000000781800000)
  object space 83968K, 99% used [0x000000077c600000,0x00000007817ff758,0x0000000781800000)
Event: 2099.674 GC heap after
Heap after GC invocations=36 (full 11):
 PSYoungGen      total 518656K, used 0K [0x00000007d5d00000, 0x00000007fe700000, 0x0000000800000000)
  eden space 518144K, 0% used [0x00000007d5d00000,0x00000007d5d00000,0x00000007f5700000)
  from space 512K, 0% used [0x00000007f5700000,0x00000007f5700000,0x00000007f5780000)
  to   space 72192K, 0% used [0x00000007fa080000,0x00000007fa080000,0x00000007fe700000)
 ParOldGen       total 684544K, used 42072K [0x0000000781800000, 0x00000007ab480000, 0x00000007d5d00000)
  object space 684544K, 6% used [0x0000000781800000,0x0000000784116328,0x00000007ab480000)
 PSPermGen       total 83968K, used 83965K [0x000000077c600000, 0x0000000781800000, 0x0000000781800000)
  object space 83968K, 99% used [0x000000077c600000,0x00000007817ff758,0x0000000781800000)
}
Event: 2099.674 GC heap before
{Heap before GC invocations=37 (full 12):
 PSYoungGen      total 518656K, used 0K [0x00000007d5d00000, 0x00000007fe700000, 0x0000000800000000)
  eden space 518144K, 0% used [0x00000007d5d00000,0x00000007d5d00000,0x00000007f5700000)
  from space 512K, 0% used [0x00000007f5700000,0x00000007f5700000,0x00000007f5780000)
  to   space 72192K, 0% used [0x00000007fa080000,0x00000007fa080000,0x00000007fe700000)
 ParOldGen       total 684544K, used 42072K [0x0000000781800000, 0x00000007ab480000, 0x00000007d5d00000)
  object space 684544K, 6% used [0x0000000781800000,0x0000000784116328,0x00000007ab480000)
 PSPermGen       total 83968K, used 83965K [0x000000077c600000, 0x0000000781800000, 0x0000000781800000)
  object space 83968K, 99% used [0x000000077c600000,0x00000007817ff758,0x0000000781800000)
Event: 2099.796 GC heap after
Heap after GC invocations=37 (full 12):
 PSYoungGen      total 518656K, used 0K [0x00000007d5d00000, 0x00000007fe700000, 0x0000000800000000)
  eden space 518144K, 0% used [0x00000007d5d00000,0x00000007d5d00000,0x00000007f5700000)
  from space 512K, 0% used [0x00000007f5700000,0x00000007f5700000,0x00000007f5780000)
  to   space 72192K, 0% used [0x00000007fa080000,0x00000007fa080000,0x00000007fe700000)
 ParOldGen       total 819200K, used 42072K [0x0000000781800000, 0x00000007b3800000, 0x00000007d5d00000)
  object space 819200K, 5% used [0x0000000781800000,0x0000000784116328,0x00000007b3800000)
 PSPermGen       total 83968K, used 83965K [0x000000077c600000, 0x0000000781800000, 0x0000000781800000)
  object space 83968K, 99% used [0x000000077c600000,0x00000007817ff758,0x0000000781800000)
}

